     1                                  bits 32
     2                                  
     3                                  org 0x08048000
     4                                  
     5                                  ehdr:
     6 00000000 7F454C4601010100                    db 0x7F, "ELF", 1, 1, 1, 0
     7 00000008 00<rept>                    times 8 db  0
     8 00000010 0200                                dw  2
     9 00000012 0300                                dw  3
    10 00000014 01000000                            dd  1
    11 00000018 [54000000]                          dd  _start
    12 0000001C 34000000                            dd  phdr - $$
    13 00000020 00000000                            dd  0
    14 00000024 00000000                            dd  0
    15 00000028 3400                                dw  ehdrsize
    16 0000002A 2000                                dw  phdrsize
    17 0000002C 0100                                dw  1
    18 0000002E 0000                                dw  0
    19 00000030 0000                                dw  0
    20 00000032 0000                                dw  0
    21                                  ehdrsize    equ $ - ehdr
    22                                  
    23                                  phdr:
    24 00000034 01000000                            dd  1
    25 00000038 00000000                            dd  0
    26 0000003C [00000000]                          dd  $$
    27 00000040 [00000000]                          dd  $$
    28 00000044 54000000                            dd  filesize
    29 00000048 54000000                            dd  filesize
    30 0000004C 05000000                            dd  5
    31 00000050 00100000                            dd  0x1000
    32                                  phdrsize    equ $ - phdr
    33                                  
    34                                  filesize    equ $ - $$
    35                                  
    36                                  _start:
    37 00000054 E823000000                          call    gethex
    38 00000059 C1E004                              sal     eax, 4
    39 0000005C 50                                  push    eax
    40 0000005D E81A000000                          call    gethex
    41 00000062 010424                              add     [esp], eax
    42 00000065 E801000000                          call    putchar
    43 0000006A 58                                  pop     eax
    44                                  
    45                                  putchar:
    46 0000006B 31DB                                xor     ebx, ebx
    47 0000006D 43                                  inc     ebx
    48 0000006E 8D4C2404                            lea     ecx, [esp+4]
    49 00000072 89DA                                mov     edx, ebx
    50 00000074 B804000000                          mov     eax, 4
    51 00000079 CD80                                int     0x80
    52 0000007B C3                                  ret
    53                                  
    54                                  gethex:
    55 0000007C E81F000000                          call    getchar
    56 00000081 83F823                              cmp     eax, 35
    57 00000084 750C                                jne     .convhex
    58                                  
    59                                  .loop:
    60 00000086 E815000000                          call    getchar
    61 0000008B 83F80A                              cmp     eax, 10
    62 0000008E 75F6                                jne     .loop
    63 00000090 EBEA                                jmp     gethex
    64                                  
    65                                  .convhex:
    66 00000092 83E830                              sub     eax, 48
    67 00000095 7CE5                                jl      gethex
    68 00000097 83F830                              cmp     eax, 48
    69 0000009A 7C03                                jl      .ret
    70 0000009C 83E827                              sub     eax, 39
    71                                  
    72                                  .ret:
    73 0000009F C3                                  ret
    74                                  
    75                                  getchar:
    76 000000A0 6A00                                push    0
    77 000000A2 31DB                                xor     ebx, ebx
    78 000000A4 89E1                                mov     ecx, esp
    79 000000A6 89DA                                mov     edx, ebx
    80 000000A8 42                                  inc     edx
    81 000000A9 B803000000                          mov     eax, 3
    82 000000AE CD80                                int     0x80
    83 000000B0 85C0                                test    eax, eax
    84 000000B2 7402                                je      exit
    85 000000B4 58                                  pop     eax
    86 000000B5 C3                                  ret
    87                                  
    88                                  exit:
    89 000000B6 31C0                                xor     eax, eax
    90 000000B8 89C3                                mov     ebx, eax 
    91 000000BA 40                                  inc     eax
    92 000000BB CD80                                int     0x80
